<?xml version="1.0" encoding="UTF-8"?>
<!-- Generated by org.testng.reporters.JUnitXMLReporter -->
<testsuite hostname="TA-LAP-030" ignored="0" name="Default test" tests="2" failures="0" timestamp="08 Sep 2019 06:18:54 GMT" time="159.649" errors="0">
  <testcase name="changeTheCountryNameAsAustralia" time="29.054" classname="amazon.assessment.tests.SearchPurchaseTest"/>
  <testcase name="searchProductTV" time="37.293" classname="amazon.assessment.tests.SearchPurchaseTest"/>
</testsuite> <!-- Default test -->
